<?xml version="1.0" encoding="UTF-8"?>
<testsuite name="com.practicalunittesting.chp03.money.MoneyParameterizedTest" tests="2" skipped="0" failures="0" errors="0" timestamp="2020-01-10T20:31:03" hostname="dellus" time="0.001">
  <properties/>
  <testcase name="constructorShouldSetAmountAndCurrency(10, USD) [0]" classname="com.practicalunittesting.chp03.money.MoneyParameterizedTest" time="0.0"/>
  <testcase name="constructorShouldSetAmountAndCurrency(20, EUR) [1]" classname="com.practicalunittesting.chp03.money.MoneyParameterizedTest" time="0.001"/>
  <system-out><![CDATA[]]></system-out>
  <system-err><![CDATA[]]></system-err>
</testsuite>
